  ThreadMutexGuard.cpp
c:\users\talha\desktop\sekm code\threadmutex.h(7): error C3646: 'theMutex': unknown override specifier
c:\users\talha\desktop\sekm code\threadmutex.h(7): error C4430: missing type specifier - int assumed. Note: C++ does not support default-int
  ThreadMutex.cpp
c:\users\talha\desktop\sekm code\threadmutex.h(7): error C3646: 'theMutex': unknown override specifier
c:\users\talha\desktop\sekm code\threadmutex.h(7): error C4430: missing type specifier - int assumed. Note: C++ does not support default-int
  MessageQueue.cpp
c:\users\talha\desktop\sekm code\messagequeue.h(23): error C3646: 'lesen': unknown override specifier
c:\users\talha\desktop\sekm code\messagequeue.h(23): error C2059: syntax error: '('
c:\users\talha\desktop\sekm code\messagequeue.h(23): error C2238: unexpected token(s) preceding ';'
c:\users\talha\desktop\sekm code\messagequeue.cpp(27): error C2039: 'lesen': is not a member of 'MessagePassingKomponente::MessageQueue'
  c:\users\talha\desktop\sekm code\messagequeue.h(4): note: see declaration of 'MessagePassingKomponente::MessageQueue'
  Message Passing Komponente.cpp
c:\users\talha\desktop\sekm code\messagequeue.h(23): error C3646: 'lesen': unknown override specifier
c:\users\talha\desktop\sekm code\messagequeue.h(23): error C2059: syntax error: '('
c:\users\talha\desktop\sekm code\messagequeue.h(23): error C2238: unexpected token(s) preceding ';'
  KanalListe.cpp
c:\users\talha\desktop\sekm code\messagequeue.h(23): error C3646: 'lesen': unknown override specifier
c:\users\talha\desktop\sekm code\messagequeue.h(23): error C2059: syntax error: '('
c:\users\talha\desktop\sekm code\messagequeue.h(23): error C2238: unexpected token(s) preceding ';'
c:\users\talha\desktop\sekm code\messagequeue.h(4): error C2011: 'MessagePassingKomponente::MessageQueue': 'class' type redefinition
  c:\users\talha\desktop\sekm code\messagequeue.h(4): note: see declaration of 'MessagePassingKomponente::MessageQueue'
c:\users\talha\desktop\sekm code\aktionmanager.h(6): error C2011: 'MessagePassingKomponente::Aktionmanager': 'class' type redefinition
  c:\users\talha\desktop\sekm code\aktionmanager.h(6): note: see declaration of 'MessagePassingKomponente::Aktionmanager'
c:\users\talha\desktop\sekm code\kanal.h(5): error C2011: 'MessagePassingKomponente::Kanal': 'class' type redefinition
  c:\users\talha\desktop\sekm code\kanal.h(5): note: see declaration of 'MessagePassingKomponente::Kanal'
c:\users\talha\desktop\sekm code\kanalliste.cpp(4): error C2143: syntax error: missing ';' before '*'
c:\users\talha\desktop\sekm code\kanalliste.cpp(4): error C4430: missing type specifier - int assumed. Note: C++ does not support default-int
c:\users\talha\desktop\sekm code\kanalliste.cpp(4): error C2761: 'MessagePassingKomponente::KanalListe MessagePassingKomponente::KanalListe::Exemplar(int)': member function redeclaration not allowed
c:\users\talha\desktop\sekm code\kanalliste.cpp(4): error C2059: syntax error: '{'
c:\users\talha\desktop\sekm code\kanalliste.cpp(4): error C2143: syntax error: missing ';' before '{'
c:\users\talha\desktop\sekm code\kanalliste.cpp(4): error C2447: '{': missing function header (old-style formal list?)
c:\users\talha\desktop\sekm code\kanalliste.cpp(23): error C2027: use of undefined type 'MessagePassingKomponente::Kanal'
  c:\users\talha\desktop\sekm code\kanal.h(5): note: see declaration of 'MessagePassingKomponente::Kanal'
  Kanal.cpp
c:\users\talha\desktop\sekm code\messagequeue.h(23): error C3646: 'lesen': unknown override specifier
c:\users\talha\desktop\sekm code\messagequeue.h(23): error C2059: syntax error: '('
c:\users\talha\desktop\sekm code\messagequeue.h(23): error C2238: unexpected token(s) preceding ';'
c:\users\talha\desktop\sekm code\aktionmanager.h(6): error C2011: 'MessagePassingKomponente::Aktionmanager': 'class' type redefinition
  c:\users\talha\desktop\sekm code\aktionmanager.h(6): note: see declaration of 'MessagePassingKomponente::Aktionmanager'
c:\users\talha\desktop\sekm code\messagequeue.h(4): error C2011: 'MessagePassingKomponente::MessageQueue': 'class' type redefinition
  c:\users\talha\desktop\sekm code\messagequeue.h(4): note: see declaration of 'MessagePassingKomponente::MessageQueue'
c:\users\talha\desktop\sekm code\kanal.cpp(7): error C2027: use of undefined type 'MessagePassingKomponente::Aktionmanager'
  c:\users\talha\desktop\sekm code\aktionmanager.h(6): note: see declaration of 'MessagePassingKomponente::Aktionmanager'
c:\users\talha\desktop\sekm code\kanal.cpp(10): error C2227: left of '->&' must point to class/struct/union/generic type
c:\users\talha\desktop\sekm code\kanal.cpp(12): error C2227: left of '->getMessageQueue' must point to class/struct/union/generic type
c:\users\talha\desktop\sekm code\kanal.cpp(12): error C2143: syntax error: missing ';' before 'MessagePassingKomponente::Kanal::getMessageQueue'
c:\users\talha\desktop\sekm code\kanal.cpp(12): error C4430: missing type specifier - int assumed. Note: C++ does not support default-int
c:\users\talha\desktop\sekm code\kanal.cpp(12): error C2556: 'int MessagePassingKomponente::Kanal::getMessageQueue(void)': overloaded function differs only by return type from 'MessagePassingKomponente::MessageQueue MessagePassingKomponente::Kanal::getMessageQueue(void)'
  c:\users\talha\desktop\sekm code\kanal.h(17): note: see declaration of 'MessagePassingKomponente::Kanal::getMessageQueue'
c:\users\talha\desktop\sekm code\kanal.cpp(12): error C2371: 'MessagePassingKomponente::Kanal::getMessageQueue': redefinition; different basic types
  c:\users\talha\desktop\sekm code\kanal.h(17): note: see declaration of 'MessagePassingKomponente::Kanal::getMessageQueue'
c:\users\talha\desktop\sekm code\kanal.cpp(12): error C2027: use of undefined type 'MessagePassingKomponente::MessageQueue'
  c:\users\talha\desktop\sekm code\messagequeue.h(4): note: see declaration of 'MessagePassingKomponente::MessageQueue'
c:\users\talha\desktop\sekm code\kanal.cpp(17): error C2227: left of '->setMessageQueue' must point to class/struct/union/generic type
c:\users\talha\desktop\sekm code\kanal.cpp(17): error C2146: syntax error: missing ')' before identifier 'messageQueue'
c:\users\talha\desktop\sekm code\kanal.cpp(17): error C2143: syntax error: missing ';' before '{'
c:\users\talha\desktop\sekm code\kanal.cpp(17): error C2447: '{': missing function header (old-style formal list?)
  Connect Unit.cpp
c:\users\talha\desktop\sekm code\aktionmanager.h(6): error C2011: 'MessagePassingKomponente::Aktionmanager': 'class' type redefinition
  c:\users\talha\desktop\sekm code\aktionmanager.h(6): note: see declaration of 'MessagePassingKomponente::Aktionmanager'
c:\users\talha\desktop\sekm code\connect unit.cpp(4): error C2027: use of undefined type 'MessagePassingKomponente::Aktionmanager'
  c:\users\talha\desktop\sekm code\aktionmanager.h(6): note: see declaration of 'MessagePassingKomponente::Aktionmanager'
c:\users\talha\desktop\sekm code\connect unit.cpp(7): fatal error C1903: unable to recover from previous error(s); stopping compilation
  INTERNAL COMPILER ERROR in 'C:\Program Files (x86)\Microsoft Visual Studio 14.0\VC\bin\CL.exe'
      Please choose the Technical Support command on the Visual C++
      Help menu, or open the Technical Support help file for more information
